TN:
SF:src\constants\index.ts
FNF:0
FNH:0
DA:1,1
LF:1
LH:1
BRF:0
BRH:0
end_of_record
TN:
SF:src\controllers\excelFileController\index.ts
FN:9,(anonymous_1)
FNF:1
FNH:1
FNDA:4,(anonymous_1)
DA:2,1
DA:3,1
DA:4,1
DA:9,1
DA:13,4
DA:14,4
DA:15,3
DA:16,3
DA:17,2
DA:18,1
DA:19,1
DA:20,1
DA:25,2
DA:27,2
DA:30,2
LF:15
LH:15
BRDA:14,0,0,1
BRDA:14,0,1,3
BRDA:27,1,0,1
BRDA:27,1,1,1
BRF:4
BRH:4
end_of_record
TN:
SF:src\routes\index.ts
FN:9,(anonymous_1)
FNF:1
FNH:1
FNDA:1,(anonymous_1)
DA:1,1
DA:2,1
DA:3,1
DA:4,1
DA:6,1
DA:7,1
DA:9,1
DA:10,1
DA:13,1
DA:15,1
LF:10
LH:10
BRF:0
BRH:0
end_of_record
TN:
SF:src\services\excelService\index.ts
FN:5,parseExcelBuffer
FN:20,(anonymous_2)
FN:25,(anonymous_3)
FN:39,(anonymous_4)
FNF:4
FNH:4
FNDA:4,parseExcelBuffer
FNDA:15,(anonymous_2)
FNDA:11,(anonymous_3)
FNDA:3,(anonymous_4)
DA:1,2
DA:3,2
DA:5,2
DA:6,4
DA:7,4
DA:9,4
DA:10,4
DA:11,1
DA:14,3
DA:16,3
DA:17,0
DA:20,3
DA:21,15
DA:24,3
DA:25,11
DA:28,3
DA:29,1
DA:30,1
DA:32,1
DA:37,2
DA:39,2
DA:40,3
DA:42,1
DA:43,1
DA:44,1
DA:45,1
DA:46,1
DA:48,1
DA:49,1
DA:50,1
DA:52,1
DA:54,1
DA:56,1
DA:63,0
DA:65,1
DA:73,1
DA:76,2
DA:77,1
DA:79,1
LF:39
LH:37
BRDA:10,0,0,1
BRDA:10,0,1,3
BRDA:16,1,0,0
BRDA:16,1,1,3
BRDA:28,2,0,1
BRDA:28,2,1,2
BRDA:40,3,0,2
BRDA:40,3,1,1
BRDA:49,4,0,1
BRDA:49,4,1,1
BRDA:52,5,0,1
BRDA:52,5,1,1
BRDA:54,6,0,1
BRDA:54,6,1,1
BRDA:56,7,0,0
BRDA:56,7,1,1
BRDA:57,8,0,1
BRDA:57,8,1,1
BRDA:57,8,2,1
BRDA:57,8,3,1
BRDA:57,8,4,1
BRDA:76,9,0,1
BRDA:76,9,1,1
BRF:23
BRH:21
end_of_record
TN:
SF:src\services\statsService\index.ts
FN:3,(anonymous_0)
FN:14,(anonymous_1)
FN:29,(anonymous_2)
FN:36,(anonymous_3)
FN:43,(anonymous_4)
FN:47,(anonymous_5)
FNF:6
FNH:6
FNDA:3,(anonymous_0)
FNDA:21,(anonymous_1)
FNDA:6,(anonymous_2)
FNDA:18,(anonymous_3)
FNDA:18,(anonymous_4)
FNDA:30,(anonymous_5)
DA:3,2
DA:4,3
DA:12,3
DA:14,3
DA:15,21
DA:16,6
DA:18,21
DA:20,21
DA:21,18
DA:23,21
DA:24,21
DA:25,21
DA:28,3
DA:29,6
DA:35,3
DA:36,18
DA:42,3
DA:43,18
DA:47,30
DA:50,3
LF:20
LH:20
BRDA:15,0,0,6
BRDA:15,0,1,15
BRDA:20,1,0,18
BRDA:20,1,1,3
BRF:4
BRH:4
end_of_record
